app/build/intermediates/manifest_merge_blame_file/debug/processDebugMainManifest/manifest-merger-blame-debug-report.txt
1<?xml version="1.0" encoding="utf-8"?>
2<manifest xmlns:android="http://schemas.android.com/apk/res/android"
3    package="com.nura.app"
4    android:versionCode="1"
5    android:versionName="1.0" >
6
7    <uses-sdk
8        android:minSdkVersion="24"
9        android:targetSdkVersion="34" />
10
11    <uses-permission android:name="android.permission.CAMERA" />
11-->src\main\AndroidManifest.xml:5:5-65
11-->src\main\AndroidManifest.xml:5:22-62
12    <uses-permission
12-->src\main\AndroidManifest.xml:6:5-107
13        android:name="android.permission.READ_EXTERNAL_STORAGE"
13-->src\main\AndroidManifest.xml:6:22-77
14        android:maxSdkVersion="32" />
14-->src\main\AndroidManifest.xml:6:78-104
15    <uses-permission
15-->src\main\AndroidManifest.xml:7:5-108
16        android:name="android.permission.WRITE_EXTERNAL_STORAGE"
16-->src\main\AndroidManifest.xml:7:22-78
17        android:maxSdkVersion="28" />
17-->src\main\AndroidManifest.xml:7:79-105
18
19    <uses-feature
19-->src\main\AndroidManifest.xml:9:5-84
20        android:name="android.hardware.camera"
20-->src\main\AndroidManifest.xml:9:19-57
21        android:required="true" />
21-->src\main\AndroidManifest.xml:9:58-81
22    <uses-feature
22-->src\main\AndroidManifest.xml:10:5-95
23        android:name="android.hardware.camera.autofocus"
23-->src\main\AndroidManifest.xml:10:19-67
24        android:required="false" />
24-->src\main\AndroidManifest.xml:10:68-92
25
26    <permission
26-->[androidx.core:core:1.9.0] AndroidManifest.xml:22:5-24:47
27        android:name="com.nura.app.DYNAMIC_RECEIVER_NOT_EXPORTED_PERMISSION"
27-->[androidx.core:core:1.9.0] AndroidManifest.xml:23:9-81
28        android:protectionLevel="signature" />
28-->[androidx.core:core:1.9.0] AndroidManifest.xml:24:9-44
29
30    <uses-permission android:name="com.nura.app.DYNAMIC_RECEIVER_NOT_EXPORTED_PERMISSION" />
30-->[androidx.core:core:1.9.0] AndroidManifest.xml:26:5-97
30-->[androidx.core:core:1.9.0] AndroidManifest.xml:26:22-94
31
32    <application
32-->src\main\AndroidManifest.xml:12:5-39:19
33        android:allowBackup="true"
33-->src\main\AndroidManifest.xml:13:9-35
34        android:appComponentFactory="androidx.core.app.CoreComponentFactory"
34-->[androidx.core:core:1.9.0] AndroidManifest.xml:28:18-86
35        android:debuggable="true"
36        android:extractNativeLibs="false"
37        android:icon="@android:drawable/sym_def_app_icon"
37-->src\main\AndroidManifest.xml:14:9-58
38        android:label="Nura"
38-->src\main\AndroidManifest.xml:15:9-29
39        android:supportsRtl="true"
39-->src\main\AndroidManifest.xml:16:9-35
40        android:theme="@style/Theme.MaterialComponents.Light.NoActionBar" >
40-->src\main\AndroidManifest.xml:17:9-74
41        <activity
41-->src\main\AndroidManifest.xml:19:9-27:20
42            android:name="com.nura.app.MainActivity"
42-->src\main\AndroidManifest.xml:20:13-53
43            android:exported="true"
43-->src\main\AndroidManifest.xml:21:13-36
44            android:screenOrientation="portrait" >
44-->src\main\AndroidManifest.xml:22:13-49
45            <intent-filter>
45-->src\main\AndroidManifest.xml:23:13-26:29
46                <action android:name="android.intent.action.MAIN" />
46-->src\main\AndroidManifest.xml:24:17-69
46-->src\main\AndroidManifest.xml:24:25-66
47
48                <category android:name="android.intent.category.LAUNCHER" />
48-->src\main\AndroidManifest.xml:25:17-77
48-->src\main\AndroidManifest.xml:25:27-74
49            </intent-filter>
50        </activity>
51
52        <provider
52-->src\main\AndroidManifest.xml:29:9-37:20
53            android:name="androidx.core.content.FileProvider"
53-->src\main\AndroidManifest.xml:30:13-62
54            android:authorities="com.nura.app.fileprovider"
54-->src\main\AndroidManifest.xml:31:13-60
55            android:exported="false"
55-->src\main\AndroidManifest.xml:32:13-37
56            android:grantUriPermissions="true" >
56-->src\main\AndroidManifest.xml:33:13-47
57            <meta-data
57-->src\main\AndroidManifest.xml:34:13-36:54
58                android:name="android.support.FILE_PROVIDER_PATHS"
58-->src\main\AndroidManifest.xml:35:17-67
59                android:resource="@xml/file_paths" />
59-->src\main\AndroidManifest.xml:36:17-51
60        </provider>
61
62        <service
62-->[androidx.camera:camera-camera2:1.2.3] AndroidManifest.xml:24:9-33:19
63            android:name="androidx.camera.core.impl.MetadataHolderService"
63-->[androidx.camera:camera-camera2:1.2.3] AndroidManifest.xml:25:13-75
64            android:enabled="false"
64-->[androidx.camera:camera-camera2:1.2.3] AndroidManifest.xml:26:13-36
65            android:exported="false" >
65-->[androidx.camera:camera-camera2:1.2.3] AndroidManifest.xml:27:13-37
66            <meta-data
66-->[androidx.camera:camera-camera2:1.2.3] AndroidManifest.xml:30:13-32:89
67                android:name="androidx.camera.core.impl.MetadataHolderService.DEFAULT_CONFIG_PROVIDER"
67-->[androidx.camera:camera-camera2:1.2.3] AndroidManifest.xml:31:17-103
68                android:value="androidx.camera.camera2.Camera2Config$DefaultProvider" />
68-->[androidx.camera:camera-camera2:1.2.3] AndroidManifest.xml:32:17-86
69        </service>
70        <service
70-->[androidx.room:room-runtime:2.5.2] AndroidManifest.xml:24:9-28:63
71            android:name="androidx.room.MultiInstanceInvalidationService"
71-->[androidx.room:room-runtime:2.5.2] AndroidManifest.xml:25:13-74
72            android:directBootAware="true"
72-->[androidx.room:room-runtime:2.5.2] AndroidManifest.xml:26:13-43
73            android:exported="false" />
73-->[androidx.room:room-runtime:2.5.2] AndroidManifest.xml:27:13-37
74
75        <provider
75-->[androidx.emoji2:emoji2:1.2.0] AndroidManifest.xml:24:9-32:20
76            android:name="androidx.startup.InitializationProvider"
76-->[androidx.emoji2:emoji2:1.2.0] AndroidManifest.xml:25:13-67
77            android:authorities="com.nura.app.androidx-startup"
77-->[androidx.emoji2:emoji2:1.2.0] AndroidManifest.xml:26:13-68
78            android:exported="false" >
78-->[androidx.emoji2:emoji2:1.2.0] AndroidManifest.xml:27:13-37
79            <meta-data
79-->[androidx.emoji2:emoji2:1.2.0] AndroidManifest.xml:29:13-31:52
80                android:name="androidx.emoji2.text.EmojiCompatInitializer"
80-->[androidx.emoji2:emoji2:1.2.0] AndroidManifest.xml:30:17-75
81                android:value="androidx.startup" />
81-->[androidx.emoji2:emoji2:1.2.0] AndroidManifest.xml:31:17-49
82            <meta-data
82-->[androidx.lifecycle:lifecycle-process:2.4.1] AndroidManifest.xml:31:13-33:52
83                android:name="androidx.lifecycle.ProcessLifecycleInitializer"
83-->[androidx.lifecycle:lifecycle-process:2.4.1] AndroidManifest.xml:32:17-78
84                android:value="androidx.startup" />
84-->[androidx.lifecycle:lifecycle-process:2.4.1] AndroidManifest.xml:33:17-49
85        </provider>
86    </application>
87
88</manifest>